2025-11-14 15:56:01,495 [INFO] Activator:176 - 


2025-11-14 15:56:01,497 [INFO] Activator:177 - !SESSION log4j initialized
2025-11-14 15:56:04,221 [INFO] LogOutputStream:77 - [STDOUT_REDIRECT] 
2025-11-14 15:56:06,483 [INFO] ApplicationProperties:184 - Using Application install path: C:\ST\STM32CubeIDE_1.19.0\STM32CubeIDE\plugins\com.st.stm32cube.common.mx_6.15.0.202507011659
2025-11-14 15:56:06,502 [INFO] DbMcusXml:78 - Set database path to: C:\ST\STM32CubeIDE_1.19.0\STM32CubeIDE\plugins\com.st.stm32cube.common.mx_6.15.0.202507011659\\db\/mcu/
2025-11-14 15:56:06,503 [INFO] ApiDb:274 - Set plugin database path to: C:\ST\STM32CubeIDE_1.19.0\STM32CubeIDE\plugins\com.st.stm32cube.common.mx_6.15.0.202507011659\\db\/plugins/boardmanager/
2025-11-14 15:56:06,504 [WARN] ApiDb:259 - Overriding images path with different value:  => C:\ST\STM32CubeIDE_1.19.0\STM32CubeIDE\plugins\com.st.stm32cube.common.mx_6.15.0.202507011659\\db\/plugins/mcufinder/images/
2025-11-14 15:56:06,510 [INFO] ApiDb:250 - Set database path to: C:\Users\mbeng\.stmcufinder\plugins\mcufinder//mcu/
2025-11-14 15:56:06,511 [INFO] DbMcusAds:125 - Set database path to: C:\Users\mbeng\.stmcufinder\plugins\mcufinder//mcu/
2025-11-14 15:56:06,513 [INFO] CrossReferenceDbSqlite:203 - Set database path to: C:\Users\mbeng\.stmcufinder\plugins\mcufinder//mcu/cs/
2025-11-14 15:56:06,645 [INFO] RulesReader:64 - Compatibility file has been processed (317 Rules)
2025-11-14 15:56:06,757 [INFO] DbMcusXml:78 - Set database path to: C:\ST\STM32CubeIDE_1.19.0\STM32CubeIDE\plugins\com.st.stm32cube.common.mx_6.15.0.202507011659\\db\/mcu/
2025-11-14 15:56:06,758 [INFO] ApiDb:274 - Set plugin database path to: C:\ST\STM32CubeIDE_1.19.0\STM32CubeIDE\plugins\com.st.stm32cube.common.mx_6.15.0.202507011659\\db\/plugins/boardmanager/
2025-11-14 15:56:06,758 [INFO] ApiDb:261 - Set plugin images path to: C:\ST\STM32CubeIDE_1.19.0\STM32CubeIDE\plugins\com.st.stm32cube.common.mx_6.15.0.202507011659\\db\/plugins/mcufinder/images/
2025-11-14 15:56:06,758 [WARN] DbFile:41 - Overriding database path with different value: C:\Users\mbeng\.stmcufinder\plugins\mcufinder/ => C:\Users\mbeng\.stmcufinder\plugins\mcufinder
2025-11-14 15:56:06,758 [INFO] ApiDb:250 - Set database path to: C:\Users\mbeng\.stmcufinder\plugins\mcufinder//mcu/
2025-11-14 15:56:06,758 [WARN] DbFile:41 - Overriding database path with different value: C:\Users\mbeng\.stmcufinder\plugins\mcufinder/ => C:\Users\mbeng\.stmcufinder\plugins\mcufinder
2025-11-14 15:56:06,758 [INFO] DbMcusAds:125 - Set database path to: C:\Users\mbeng\.stmcufinder\plugins\mcufinder//mcu/
2025-11-14 15:56:06,758 [WARN] DbFile:41 - Overriding database path with different value: C:\Users\mbeng\.stmcufinder\plugins\mcufinder/ => C:\Users\mbeng\.stmcufinder\plugins\mcufinder
2025-11-14 15:56:06,758 [WARN] DbFile:41 - Overriding database path with different value: C:\Users\mbeng\.stmcufinder\plugins\mcufinder/ => C:\Users\mbeng\.stmcufinder\plugins\mcufinder
2025-11-14 15:56:06,758 [INFO] CrossReferenceDbSqlite:203 - Set database path to: C:\Users\mbeng\.stmcufinder\plugins\mcufinder//mcu/cs/
2025-11-14 15:56:06,870 [INFO] MainPanel:274 - HeapMemory: 268435456
2025-11-14 15:56:07,019 [INFO] DbMcusXml:78 - Set database path to: C:\ST\STM32CubeIDE_1.19.0\STM32CubeIDE\plugins\com.st.stm32cube.common.mx_6.15.0.202507011659\\db\/mcu/
2025-11-14 15:56:07,019 [INFO] ApiDb:274 - Set plugin database path to: C:\ST\STM32CubeIDE_1.19.0\STM32CubeIDE\plugins\com.st.stm32cube.common.mx_6.15.0.202507011659\\db\/plugins/boardmanager/
2025-11-14 15:56:07,020 [INFO] ApiDb:261 - Set plugin images path to: C:\ST\STM32CubeIDE_1.19.0\STM32CubeIDE\plugins\com.st.stm32cube.common.mx_6.15.0.202507011659\\db\/plugins/mcufinder/images/
2025-11-14 15:56:07,020 [WARN] DbFile:41 - Overriding database path with different value: C:\Users\mbeng\.stmcufinder\plugins\mcufinder/ => C:\Users\mbeng\.stmcufinder\plugins\mcufinder
2025-11-14 15:56:07,020 [INFO] ApiDb:250 - Set database path to: C:\Users\mbeng\.stmcufinder\plugins\mcufinder//mcu/
2025-11-14 15:56:07,020 [WARN] DbFile:41 - Overriding database path with different value: C:\Users\mbeng\.stmcufinder\plugins\mcufinder/ => C:\Users\mbeng\.stmcufinder\plugins\mcufinder
2025-11-14 15:56:07,020 [INFO] DbMcusAds:125 - Set database path to: C:\Users\mbeng\.stmcufinder\plugins\mcufinder//mcu/
2025-11-14 15:56:07,020 [WARN] DbFile:41 - Overriding database path with different value: C:\Users\mbeng\.stmcufinder\plugins\mcufinder/ => C:\Users\mbeng\.stmcufinder\plugins\mcufinder
2025-11-14 15:56:07,020 [WARN] DbFile:41 - Overriding database path with different value: C:\Users\mbeng\.stmcufinder\plugins\mcufinder/ => C:\Users\mbeng\.stmcufinder\plugins\mcufinder
2025-11-14 15:56:07,020 [INFO] CrossReferenceDbSqlite:203 - Set database path to: C:\Users\mbeng\.stmcufinder\plugins\mcufinder//mcu/cs/
2025-11-14 15:56:07,046 [INFO] ApplicationProperties:184 - Using Application install path: C:\ST\STM32CubeIDE_1.19.0\STM32CubeIDE\plugins\com.st.stm32cube.common.mx_6.15.0.202507011659
2025-11-14 15:56:07,047 [INFO] PluginManage:196 - Search for loadable plugins [exclusion list=, ]
2025-11-14 15:56:07,050 [INFO] PluginManage:310 - Check plugin analytics
2025-11-14 15:56:07,326 [INFO] AnalyticsPlugin:253 - Accepted Software Licenses: STM32CubeMX.6.15.0
2025-11-14 15:56:07,326 [INFO] AnalyticsPlugin:255 - Accepted CMSIS Pack Licenses: 
2025-11-14 15:56:07,327 [INFO] AnalyticsPlugin:257 - Accepted Firmware Licenses: FW.H7.1.11.0,FW.F7.1.17.0,FW.WB.1.16.0,FW.H7.1.12.0,FW.F4.1.28.0,FW.WB.1.23.0,FW.G4.1.6.0
2025-11-14 15:56:07,330 [INFO] PluginManage:359 - Loaded plugin analytics (category:tool,tabindex:-1)
2025-11-14 15:56:07,332 [INFO] PluginManage:310 - Check plugin cadmodel
2025-11-14 15:56:07,338 [INFO] CADModel:105 - Init CAD model plugin
2025-11-14 15:56:07,338 [INFO] PluginManage:359 - Loaded plugin cadmodel (category:power,tabindex:5)
2025-11-14 15:56:07,338 [INFO] PluginManage:310 - Check plugin clock
2025-11-14 15:56:07,353 [INFO] PluginManage:359 - Loaded plugin clock (category:base,tabindex:2)
2025-11-14 15:56:07,353 [INFO] PluginManage:310 - Check plugin ddr
2025-11-14 15:56:07,357 [INFO] PluginManage:359 - Loaded plugin ddr (category:tool,tabindex:6)
2025-11-14 15:56:07,357 [INFO] PluginManage:310 - Check plugin filemanager
2025-11-14 15:56:07,571 [INFO] PluginManage:359 - Loaded plugin filemanager (category:base,tabindex:10)
2025-11-14 15:56:07,572 [INFO] PluginManage:310 - Check plugin ipmanager
2025-11-14 15:56:07,580 [INFO] PluginManage:359 - Loaded plugin ipmanager (category:base,tabindex:5)
2025-11-14 15:56:07,580 [INFO] PluginManage:310 - Check plugin lpbam
2025-11-14 15:56:07,591 [INFO] PluginManage:359 - Loaded plugin lpbam (category:base,tabindex:0)
2025-11-14 15:56:07,591 [INFO] PluginManage:310 - Check plugin memorymap
2025-11-14 15:56:07,608 [INFO] PluginManage:359 - Loaded plugin memorymap (category:base,tabindex:4)
2025-11-14 15:56:07,608 [INFO] PluginManage:310 - Check plugin pinoutandconfiguration
2025-11-14 15:56:07,617 [INFO] PluginManage:359 - Loaded plugin pinoutandconfiguration (category:base,tabindex:1)
2025-11-14 15:56:07,617 [INFO] PluginManage:310 - Check plugin pinoutconfig
2025-11-14 15:56:07,742 [WARN] SupportedApi:132 - Cannot load RTOS API schema: s4s-elt-must-match.1: The content of 'definitions' must match (annotation?, (simpleType | complexType)?, (unique | key | keyref)*)). A problem was found starting at: attribute.
2025-11-14 15:56:07,919 [INFO] PluginManage:359 - Loaded plugin pinoutconfig (category:base,tabindex:0)
2025-11-14 15:56:07,919 [INFO] PluginManage:310 - Check plugin power
2025-11-14 15:56:07,929 [INFO] PluginManage:359 - Loaded plugin power (category:power,tabindex:4)
2025-11-14 15:56:07,929 [INFO] PluginManage:310 - Check plugin projectmanager
2025-11-14 15:56:07,949 [INFO] PluginManage:359 - Loaded plugin projectmanager (category:projectmanager,tabindex:4)
2025-11-14 15:56:07,949 [INFO] PluginManage:310 - Check plugin rif
2025-11-14 15:56:07,962 [INFO] PluginManage:359 - Loaded plugin rif (category:base,tabindex:3)
2025-11-14 15:56:07,962 [INFO] PluginManage:310 - Check plugin thirdparty
2025-11-14 15:56:08,128 [INFO] PluginManage:359 - Loaded plugin thirdparty (category:base,tabindex:-1)
2025-11-14 15:56:08,129 [INFO] PluginManage:310 - Check plugin tools
2025-11-14 15:56:08,128 [WARN] IntegrityCheckThread:84 - waiting for thirdparty lock release [integrity check]
2025-11-14 15:56:08,129 [INFO] IntegrityCheckThread:86 - entering critical section [integrity check]
2025-11-14 15:56:08,130 [INFO] ThirdPartyUpdaterWithRetryManager:70 - Updater plugin not ready yet. [1/15]
2025-11-14 15:56:08,132 [INFO] PluginManage:359 - Loaded plugin tools (category:base,tabindex:7)
2025-11-14 15:56:08,132 [INFO] PluginManage:310 - Check plugin tutovideos
2025-11-14 15:56:08,450 [INFO] PluginManage:359 - Loaded plugin tutovideos (category:base,tabindex:-1)
2025-11-14 15:56:08,450 [INFO] PluginManage:310 - Check plugin updater
2025-11-14 15:56:08,476 [INFO] PluginManage:359 - Loaded plugin updater (category:base,tabindex:12)
2025-11-14 15:56:08,476 [INFO] PluginManage:310 - Check plugin userauth
2025-11-14 15:56:08,481 [INFO] UserAuth:118 - Init User Auth plugin
2025-11-14 15:56:08,483 [INFO] PluginManage:359 - Loaded plugin userauth (category:base,tabindex:14)
2025-11-14 15:56:08,485 [INFO] PluginManage:283 - PluginManage : Loaded plugins [18]
2025-11-14 15:56:08,717 [INFO] PinOutPanel:1589 - setPackage(No Configuration,No Configuration)
2025-11-14 15:56:08,815 [INFO] CADModel:165 - CPN selected for project level
2025-11-14 15:56:08,815 [INFO] CADModel:114 - Register for checkConnection events
2025-11-14 15:56:08,830 [INFO] IPUIPlugin:80 - create IPUIPlugin
2025-11-14 15:56:08,830 [INFO] PluginManager:220 - loadIPPluginJar : add adc
2025-11-14 15:56:08,832 [INFO] IPUIPlugin:80 - create IPUIPlugin
2025-11-14 15:56:08,832 [INFO] PluginManager:220 - loadIPPluginJar : add aes
2025-11-14 15:56:08,835 [INFO] IPUIPlugin:80 - create IPUIPlugin
2025-11-14 15:56:08,835 [INFO] PluginManager:220 - loadIPPluginJar : add can
2025-11-14 15:56:08,836 [INFO] IPUIPlugin:80 - create IPUIPlugin
2025-11-14 15:56:08,836 [INFO] PluginManager:220 - loadIPPluginJar : add comp
2025-11-14 15:56:08,838 [INFO] IPUIPlugin:80 - create IPUIPlugin
2025-11-14 15:56:08,838 [INFO] PluginManager:220 - loadIPPluginJar : add cryp
2025-11-14 15:56:08,842 [INFO] IPUIPlugin:80 - create IPUIPlugin
2025-11-14 15:56:08,842 [INFO] PluginManager:220 - loadIPPluginJar : add ddr_ctrl_phy
2025-11-14 15:56:08,844 [INFO] IPUIPlugin:80 - create IPUIPlugin
2025-11-14 15:56:08,844 [INFO] PluginManager:220 - loadIPPluginJar : add dfsdm
2025-11-14 15:56:08,851 [INFO] IPUIPlugin:80 - create IPUIPlugin
2025-11-14 15:56:08,851 [INFO] PluginManager:220 - loadIPPluginJar : add dma
2025-11-14 15:56:08,855 [INFO] IPUIPlugin:80 - create IPUIPlugin
2025-11-14 15:56:08,855 [INFO] PluginManager:220 - loadIPPluginJar : add dma3
2025-11-14 15:56:08,859 [INFO] IPUIPlugin:80 - create IPUIPlugin
2025-11-14 15:56:08,859 [INFO] PluginManager:220 - loadIPPluginJar : add extmemmanager
2025-11-14 15:56:08,860 [INFO] IPUIPlugin:80 - create IPUIPlugin
2025-11-14 15:56:08,861 [INFO] PluginManager:220 - loadIPPluginJar : add fatfs
2025-11-14 15:56:08,866 [INFO] IPUIPlugin:80 - create IPUIPlugin
2025-11-14 15:56:08,866 [INFO] PluginManager:220 - loadIPPluginJar : add fmc
2025-11-14 15:56:08,872 [INFO] IPUIPlugin:80 - create IPUIPlugin
2025-11-14 15:56:08,873 [INFO] PluginManager:220 - loadIPPluginJar : add freertos
2025-11-14 15:56:08,875 [INFO] IPUIPlugin:80 - create IPUIPlugin
2025-11-14 15:56:08,875 [INFO] PluginManager:220 - loadIPPluginJar : add genericplugin
2025-11-14 15:56:08,878 [INFO] IPUIPlugin:80 - create IPUIPlugin
2025-11-14 15:56:08,878 [INFO] PluginManager:220 - loadIPPluginJar : add gfxmmu
2025-11-14 15:56:08,883 [INFO] IPUIPlugin:80 - create IPUIPlugin
2025-11-14 15:56:08,883 [INFO] PluginManager:220 - loadIPPluginJar : add gic
2025-11-14 15:56:08,888 [INFO] IPUIPlugin:80 - create IPUIPlugin
2025-11-14 15:56:08,888 [INFO] PluginManager:220 - loadIPPluginJar : add gpio
2025-11-14 15:56:08,890 [INFO] IPUIPlugin:80 - create IPUIPlugin
2025-11-14 15:56:08,890 [INFO] PluginManager:220 - loadIPPluginJar : add gtzc
2025-11-14 15:56:08,892 [INFO] IPUIPlugin:80 - create IPUIPlugin
2025-11-14 15:56:08,892 [INFO] PluginManager:220 - loadIPPluginJar : add hash
2025-11-14 15:56:08,895 [INFO] IPUIPlugin:80 - create IPUIPlugin
2025-11-14 15:56:08,895 [INFO] PluginManager:220 - loadIPPluginJar : add i2c
2025-11-14 15:56:08,898 [INFO] IPUIPlugin:80 - create IPUIPlugin
2025-11-14 15:56:08,898 [INFO] PluginManager:220 - loadIPPluginJar : add i2s
2025-11-14 15:56:08,901 [INFO] IPUIPlugin:80 - create IPUIPlugin
2025-11-14 15:56:08,901 [INFO] PluginManager:220 - loadIPPluginJar : add i3c
2025-11-14 15:56:08,905 [INFO] IPUIPlugin:80 - create IPUIPlugin
2025-11-14 15:56:08,906 [INFO] PluginManager:220 - loadIPPluginJar : add ipddr
2025-11-14 15:56:08,912 [INFO] IPUIPlugin:80 - create IPUIPlugin
2025-11-14 15:56:08,912 [INFO] PluginManager:220 - loadIPPluginJar : add linkedlist
2025-11-14 15:56:08,915 [INFO] IPUIPlugin:80 - create IPUIPlugin
2025-11-14 15:56:08,916 [INFO] PluginManager:220 - loadIPPluginJar : add lorawan
2025-11-14 15:56:08,917 [INFO] IPUIPlugin:80 - create IPUIPlugin
2025-11-14 15:56:08,917 [INFO] PluginManager:220 - loadIPPluginJar : add ltdc
2025-11-14 15:56:08,921 [INFO] IPUIPlugin:80 - create IPUIPlugin
2025-11-14 15:56:08,922 [INFO] PluginManager:220 - loadIPPluginJar : add mdma
2025-11-14 15:56:08,925 [INFO] IPUIPlugin:80 - create IPUIPlugin
2025-11-14 15:56:08,925 [INFO] PluginManager:220 - loadIPPluginJar : add nvic
2025-11-14 15:56:08,927 [INFO] IPUIPlugin:80 - create IPUIPlugin
2025-11-14 15:56:08,928 [INFO] PluginManager:220 - loadIPPluginJar : add opamp
2025-11-14 15:56:08,930 [INFO] IPUIPlugin:80 - create IPUIPlugin
2025-11-14 15:56:08,930 [INFO] PluginManager:220 - loadIPPluginJar : add openamp
2025-11-14 15:56:08,932 [INFO] IPUIPlugin:80 - create IPUIPlugin
2025-11-14 15:56:08,932 [INFO] PluginManager:220 - loadIPPluginJar : add pdm2pcm
2025-11-14 15:56:08,937 [INFO] IPUIPlugin:80 - create IPUIPlugin
2025-11-14 15:56:08,940 [INFO] PluginManager:220 - loadIPPluginJar : add plateformsettings
2025-11-14 15:56:08,942 [INFO] IPUIPlugin:80 - create IPUIPlugin
2025-11-14 15:56:08,942 [INFO] PluginManager:220 - loadIPPluginJar : add quadspi
2025-11-14 15:56:08,944 [INFO] IPUIPlugin:80 - create IPUIPlugin
2025-11-14 15:56:08,945 [INFO] PluginManager:220 - loadIPPluginJar : add radio
2025-11-14 15:56:08,949 [INFO] IPUIPlugin:80 - create IPUIPlugin
2025-11-14 15:56:08,949 [INFO] PluginManager:220 - loadIPPluginJar : add resmgrutility
2025-11-14 15:56:08,952 [INFO] IPUIPlugin:80 - create IPUIPlugin
2025-11-14 15:56:08,952 [INFO] PluginManager:220 - loadIPPluginJar : add sai
2025-11-14 15:56:08,955 [INFO] IPUIPlugin:80 - create IPUIPlugin
2025-11-14 15:56:08,955 [INFO] PluginManager:220 - loadIPPluginJar : add spi
2025-11-14 15:56:08,962 [INFO] IPUIPlugin:80 - create IPUIPlugin
2025-11-14 15:56:08,962 [INFO] PluginManager:220 - loadIPPluginJar : add stm32_wpan
2025-11-14 15:56:08,964 [INFO] IPUIPlugin:80 - create IPUIPlugin
2025-11-14 15:56:08,965 [INFO] PluginManager:220 - loadIPPluginJar : add tim
2025-11-14 15:56:08,968 [INFO] IPUIPlugin:80 - create IPUIPlugin
2025-11-14 15:56:08,969 [INFO] PluginManager:220 - loadIPPluginJar : add touchsensing
2025-11-14 15:56:08,971 [INFO] IPUIPlugin:80 - create IPUIPlugin
2025-11-14 15:56:08,971 [INFO] PluginManager:220 - loadIPPluginJar : add tracer_emb
2025-11-14 15:56:08,973 [INFO] IPUIPlugin:80 - create IPUIPlugin
2025-11-14 15:56:08,973 [INFO] PluginManager:220 - loadIPPluginJar : add ts
2025-11-14 15:56:08,975 [INFO] IPUIPlugin:80 - create IPUIPlugin
2025-11-14 15:56:08,975 [INFO] PluginManager:220 - loadIPPluginJar : add tsc
2025-11-14 15:56:08,977 [INFO] IPUIPlugin:80 - create IPUIPlugin
2025-11-14 15:56:08,977 [INFO] PluginManager:220 - loadIPPluginJar : add ucpd
2025-11-14 15:56:08,979 [INFO] IPUIPlugin:80 - create IPUIPlugin
2025-11-14 15:56:08,979 [INFO] PluginManager:220 - loadIPPluginJar : add usart
2025-11-14 15:56:08,983 [INFO] IPUIPlugin:80 - create IPUIPlugin
2025-11-14 15:56:08,984 [INFO] PluginManager:220 - loadIPPluginJar : add usbx
2025-11-14 15:56:09,116 [FATAL] Updater:351 - Updater called before beeing initialized
2025-11-14 15:56:09,153 [INFO] RulesReader:64 - Compatibility file has been processed (317 Rules)
2025-11-14 15:56:09,166 [INFO] RulesReader:64 - Compatibility file has been processed (317 Rules)
2025-11-14 15:56:09,177 [INFO] CADModel:165 - CPN selected for project level
2025-11-14 15:56:09,177 [INFO] CADModel:114 - Register for checkConnection events
2025-11-14 15:56:09,177 [FATAL] Updater:351 - Updater called before beeing initialized
2025-11-14 15:56:09,177 [ERROR] CADModel:125 - Updater not yet initialized, retry later 
2025-11-14 15:56:09,343 [FATAL] Updater:351 - Updater called before beeing initialized
2025-11-14 15:56:09,345 [INFO] CADModel:165 - CPN selected for project level
2025-11-14 15:56:09,345 [INFO] CADModel:114 - Register for checkConnection events
2025-11-14 15:56:09,346 [FATAL] Updater:351 - Updater called before beeing initialized
2025-11-14 15:56:09,346 [ERROR] CADModel:125 - Updater not yet initialized, retry later 
2025-11-14 15:56:09,349 [FATAL] Updater:351 - Updater called before beeing initialized
2025-11-14 15:56:09,467 [FATAL] Updater:351 - Updater called before beeing initialized
2025-11-14 15:56:09,471 [INFO] DbMcusAds:53 - JSON generation date=Fri Nov 07 12:13:48 CET 2025 (1762514028174)
2025-11-14 15:56:09,471 [FATAL] Updater:351 - Updater called before beeing initialized
2025-11-14 15:56:09,509 [WARN] DetailPanel:346 - Failed to get advertising image, set to default
2025-11-14 15:56:09,596 [FATAL] Updater:351 - Updater called before beeing initialized
2025-11-14 15:56:09,599 [FATAL] Updater:351 - Updater called before beeing initialized
2025-11-14 15:56:09,599 [FATAL] Updater:351 - Updater called before beeing initialized
2025-11-14 15:56:09,599 [WARN] DetailPanel:346 - Failed to get advertising image, set to default
2025-11-14 15:56:09,600 [FATAL] Updater:351 - Updater called before beeing initialized
2025-11-14 15:56:09,640 [ERROR] Updater:1198 - MainUpdater not yet initialized. External WinMGr cannot be set.
2025-11-14 15:56:09,641 [INFO] Updater:1134 - Updater Version found : 6.15.0
2025-11-14 15:56:09,655 [INFO] ApplicationProperties:184 - Using Application install path: C:\ST\STM32CubeIDE_1.19.0\STM32CubeIDE\plugins\com.st.stm32cube.common.mx_6.15.0.202507011659
2025-11-14 15:56:11,130 [INFO] ThirdPartyUpdaterWithRetryManager:70 - Updater plugin not ready yet. [2/15]
2025-11-14 15:56:11,237 [ERROR] LogOutputStream:75 - [STDERR_REDIRECT] Nov 14, 2025 3:56:11 PM java.util.prefs.WindowsPreferences <init>
2025-11-14 15:56:11,239 [ERROR] LogOutputStream:75 - [STDERR_REDIRECT] WARNING: Could not open/create prefs root node Software\JavaSoft\Prefs at root 0xffffffff80000002. Windows RegCreateKeyEx(...) returned error code 5.
2025-11-14 15:56:11,239 [ERROR] LogOutputStream:75 - [STDERR_REDIRECT] 
2025-11-14 15:56:11,788 [INFO] MainUpdater:2872 - connection check result : 10
2025-11-14 15:56:11,789 [INFO] MainUpdater:289 - Updater Check For Update Now.
2025-11-14 15:56:11,789 [INFO] MicroXplorer:498 - Change Database Version : DB.6.0.150
2025-11-14 15:56:11,799 [INFO] McuFinderGlobals:63 - Set McuFinder mode to 2 (CubeIDE integrated)
2025-11-14 15:56:11,800 [INFO] UserAuth:487 - Internet connection configuration mode: 1
2025-11-14 15:56:11,838 [INFO] JxBrowserEngine:152 - Initiate JxBrowser Engine with user profile folder
2025-11-14 15:56:12,013 [INFO] CheckServerUpdateThread:120 - End of CheckServer Thread
2025-11-14 15:56:13,055 [INFO] WebApp:169 - Instantiating new browser for Auth
2025-11-14 15:56:14,043 [ERROR] LogOutputStream:75 - [STDERR_REDIRECT] 
